<?xml version="1.0" encoding="UTF-8"?>
<!-- Generated by org.testng.reporters.JUnitXMLReporter -->
<testsuite hostname="PJAYABALAN1-LT" name="sampletest" tests="3" failures="0" timestamp="28 Feb 2016 14:17:14 GMT" time="262.918" errors="0">
  <testcase name="Dnsreport" time="48.5" classname="Sample.DNSreport"/>
  <testcase name="whoistool" time="43.991" classname="Sample.DNS_whois"/>
  <testcase name="LoopupRecord" time="111.419" classname="Sample.DNSLooup_dropdown"/>
</testsuite> <!-- sampletest -->
